\BOOKMARK [0][]{chapter*.1}{Summary \(max 1 page\)}{}% 1
\BOOKMARK [0][]{chapter*.2}{Individual Contributions}{}% 2
\BOOKMARK [0][]{toc.0}{Contents}{}% 3
\BOOKMARK [0][]{chapter.1}{1 Introduction \(max 2 pages\)}{}% 4
\BOOKMARK [1][]{section.1.1}{1.1 Aim of the project}{chapter.1}% 5
\BOOKMARK [1][]{section.1.2}{1.2 Main challenges}{chapter.1}% 6
\BOOKMARK [1][]{section.1.3}{1.3 Project Proposal}{chapter.1}% 7
\BOOKMARK [1][]{section.1.4}{1.4 Structure of the Report}{chapter.1}% 8
\BOOKMARK [0][]{chapter.2}{2 Analysis \(max 4 pages\)}{}% 9
\BOOKMARK [1][]{section.2.1}{2.1 Requirements}{chapter.2}% 10
\BOOKMARK [1][]{section.2.2}{2.2 Challenges}{chapter.2}% 11
\BOOKMARK [1][]{section.2.3}{2.3 Tools, Techniques and Related Works}{chapter.2}% 12
\BOOKMARK [0][]{chapter.3}{3 Design and Implementation \(max 5 pages\)}{}% 13
\BOOKMARK [0][]{chapter.4}{4 Evaluation \(max 4 pages\)}{}% 14
\BOOKMARK [1][]{section.4.1}{4.1 Evaluation of the project}{chapter.4}% 15
\BOOKMARK [1][]{section.4.2}{4.2 Evaluation of pSpaces}{chapter.4}% 16
\BOOKMARK [0][]{chapter.5}{5 Conclusion \(max 3 pages\)}{}% 17
\BOOKMARK [1][]{section.5.1}{5.1 Summary}{chapter.5}% 18
\BOOKMARK [1][]{section.5.2}{5.2 Strengths}{chapter.5}% 19
\BOOKMARK [1][]{section.5.3}{5.3 Weaknesses and Threats}{chapter.5}% 20
\BOOKMARK [1][]{section.5.4}{5.4 Opportunities}{chapter.5}% 21
\BOOKMARK [1][]{section.5.5}{5.5 Lessons learnt}{chapter.5}% 22
